2024-12-17T04:24:15.593Z: Iniciando launcher...
2024-12-17T04:24:15.594Z: Ejecutando API en: B:\programacion\admin-rifa\src\services
2024-12-17T04:24:15.618Z: Launcher iniciado correctamente.
2024-12-17T04:24:17.627Z: Iniciando aplicaci贸n React...
2024-12-17T04:29:16.462Z: Iniciando launcher...
2024-12-17T04:29:16.464Z: Ejecutando API en: B:\programacion\admin-rifa\src\services
2024-12-17T04:29:16.485Z: Launcher iniciado correctamente.
2024-12-17T04:29:18.494Z: Iniciando aplicaci贸n React...
2024-12-17T11:20:36.508Z: Iniciando launcher...
2024-12-17T11:20:36.531Z: Ejecutando API en: B:\programacion\admin-rifa\src\services
2024-12-17T11:20:36.557Z: Launcher iniciado correctamente.
2024-12-17T11:20:38.559Z: Iniciando aplicaci贸n React...
2024-12-17T17:35:09.541Z: Cerrando procesos...
2024-12-17T17:35:22.256Z: Iniciando launcher...
2024-12-17T17:35:22.257Z: Ejecutando API en: B:\programacion\admin-rifa\src\services
2024-12-17T17:35:22.285Z: Launcher iniciado correctamente.
2024-12-17T17:35:24.297Z: Iniciando aplicaci贸n React...
2024-12-17T17:37:50.921Z: Cerrando procesos...
2024-12-17T17:37:59.577Z: Iniciando launcher...
2024-12-17T17:37:59.579Z: Ejecutando API en: B:\programacion\admin-rifa\src\services
2024-12-17T17:37:59.601Z: Launcher iniciado correctamente.
2024-12-17T17:38:01.613Z: Iniciando aplicaci贸n React...
2024-12-17T17:40:44.512Z: Cerrando procesos...
